06-Nov-2020 11:57 : <br/><br/>Delete Message:   <div style='color:black'>
            Greetings from ubiAttendance App<br/><br/>
            The no. of users in your ubiAttendance Plan have reduced. We have updated your plan.<br/>
            <h4 style='color:blue'>Plan Details:</h4>
            Company name: Ubitech Solutions Pvt Ltd.<br/>
            Plan Start Date:03-Oct-2019<br/>
            Plan End Date:31-Dec-2020<br/>
            User limit: 0<br/>
            Registered Users: 44<br/>
            <br/>
            <h4 style='color:blue'>Billing Details:</h4>
            Previous Dues: 7524.59 USD <br/>
            Reduction for deleted Users: -0 USD<br/>
            Amount Payable: 7524.59 - 0 = 7524.59 USD <br/>
            <br/>
            Cheers,<br/>
            Team ubiAttendance<br/><a target='_blank' href='http://www.ubiattendance.com'>www.ubiattendance.com</a><br/> Tel/ Whatsapp: +91 70678 22132<br/>Email: ubiattendance@ubitechsolutions.com<br/>Skype: ubitech.solutions</div>
06-Nov-2020 15:06 : <br/><br/>Delete Message:   <div style='color:black'>
            Greetings from ubiAttendance App<br/><br/>
            The no. of users in your ubiAttendance Plan have reduced. We have updated your plan.<br/>
            <h4 style='color:blue'>Plan Details:</h4>
            Company name: Ubitech Solutions Pvt Ltd.<br/>
            Plan Start Date:03-Oct-2019<br/>
            Plan End Date:31-Dec-2020<br/>
            User limit: 0<br/>
            Registered Users: 44<br/>
            <br/>
            <h4 style='color:blue'>Billing Details:</h4>
            Previous Dues: 7524.59 USD <br/>
            Reduction for deleted Users: -0 USD<br/>
            Amount Payable: 7524.59 - 0 = 7524.59 USD <br/>
            <br/>
            Cheers,<br/>
            Team ubiAttendance<br/><a target='_blank' href='http://www.ubiattendance.com'>www.ubiattendance.com</a><br/> Tel/ Whatsapp: +91 70678 22132<br/>Email: ubiattendance@ubitechsolutions.com<br/>Skype: ubitech.solutions</div>
06-Nov-2020 15:06 : <br/><br/>Delete Message:   <div style='color:black'>
            Greetings from ubiAttendance App<br/><br/>
            The no. of users in your ubiAttendance Plan have reduced. We have updated your plan.<br/>
            <h4 style='color:blue'>Plan Details:</h4>
            Company name: Ubitech Solutions Pvt Ltd.<br/>
            Plan Start Date:03-Oct-2019<br/>
            Plan End Date:31-Dec-2020<br/>
            User limit: 0<br/>
            Registered Users: 43<br/>
            <br/>
            <h4 style='color:blue'>Billing Details:</h4>
            Previous Dues: 7524.59 USD <br/>
            Reduction for deleted Users: -0 USD<br/>
            Amount Payable: 7524.59 - 0 = 7524.59 USD <br/>
            <br/>
            Cheers,<br/>
            Team ubiAttendance<br/><a target='_blank' href='http://www.ubiattendance.com'>www.ubiattendance.com</a><br/> Tel/ Whatsapp: +91 70678 22132<br/>Email: ubiattendance@ubitechsolutions.com<br/>Skype: ubitech.solutions</div>
06-Nov-2020 18:16 : <br/><br/>Delete Message:   <div style='color:black'>
            Greetings from ubiAttendance App<br/><br/>
            The no. of users in your ubiAttendance Plan have reduced. We have updated your plan.<br/>
            <h4 style='color:blue'>Plan Details:</h4>
            Company name: Ubitech Solutions Pvt Ltd.<br/>
            Plan Start Date:03-Oct-2019<br/>
            Plan End Date:31-Dec-2020<br/>
            User limit: 0<br/>
            Registered Users: 58<br/>
            <br/>
            <h4 style='color:blue'>Billing Details:</h4>
            Previous Dues: 7524.59 USD <br/>
            Reduction for deleted Users: -0 USD<br/>
            Amount Payable: 7524.59 - 0 = 7524.59 USD <br/>
            <br/>
            Cheers,<br/>
            Team ubiAttendance<br/><a target='_blank' href='http://www.ubiattendance.com'>www.ubiattendance.com</a><br/> Tel/ Whatsapp: +91 70678 22132<br/>Email: ubiattendance@ubitechsolutions.com<br/>Skype: ubitech.solutions</div>
